Drill Listing
=============
Drill: .035  Tool: 1  Feed: 197  Speed: 550
X 2007500  Y 1920000
X 2007500  Y 1950000
X 2007500  Y 1940000
X 2007500  Y 1930000
X 2037500  Y 1920000
X 2037500  Y 1930000
X 2037500  Y 1940000
X 2037500  Y 1950000
X 2037500  Y 1960000
X 2037500  Y 1970000
X 2037500  Y 1980000
X 2037500  Y 1990000
X 2037500  Y 2000000
X 2007500  Y 1980000
X 2007500  Y 2000000
X 2007500  Y 1970000
X 2007500  Y 1960000
X 2007500  Y 1990000
X 1987500  Y 2000000
X 1987500  Y 1980000

Drill: .037  Tool: 2  Feed: 197  Speed: 550
X 1937500  Y 1925000
X 1977500  Y 1925000
X 1977500  Y 1940000
X 1977500  Y 1950000
X 2027500  Y 2020000
X 1987500  Y 2020000
X 1977500  Y 1960000
X 1967500  Y 1960000
X 1967500  Y 2000000

Drill: .052  Tool: 3  Feed: 107  Speed: 550
X 2080000  Y 1870000
X 2080000  Y 1890000
X 2080000  Y 1910000
X 2080000  Y 1930000
X 2080000  Y 1950000
X 2080000  Y 1970000
X 2080000  Y 1990000
X 1947500  Y 1960000
X 1947500  Y 1980000
X 2080000  Y 2010000
X 2080000  Y 2050000
X 2080000  Y 2030000
X 2080000  Y 2070000

Drill: .11811  Tool: 4  Feed: 69  Speed: 658
X 1912500  Y 1855000
X 2135000  Y 1855000
X 2135000  Y 2085000
X 1912500  Y 2085000

End of Listing
