Drill Listing
=============
Drill: .035  Tool: 1  Feed: 197  Speed: 550
X 1997500  Y 1927500
X 1997500  Y 1917500
X 1997500  Y 1907500
X 2027500  Y 1907500
X 2027500  Y 1917500
X 2027500  Y 1927500
X 2155000  Y 1892500
X 2155000  Y 1927500
X 2155000  Y 1912500
X 2165000  Y 1902500
X 2187500  Y 1925000
X 2227500  Y 1905000
X 2270000  Y 1905000
X 2270000  Y 1947500
X 2247500  Y 1962500
X 2227500  Y 1947500
X 2197500  Y 1935000
X 2187500  Y 1945000
X 2187500  Y 1970000
X 2165000  Y 1937500
X 2155000  Y 1947500
X 2155000  Y 1972500
X 2027500  Y 1937500
X 2027500  Y 1950000
X 2007500  Y 1950000
X 1997500  Y 1937500
X 1945000  Y 1965000
X 1945000  Y 1975000
X 1935000  Y 1952500
X 1915000  Y 1952500
X 1915000  Y 1965000
X 1915000  Y 1975000
X 1870000  Y 1965000
X 1870000  Y 1940000
X 1870000  Y 2010000
X 1915000  Y 1995000
X 1915000  Y 1985000
X 1915000  Y 2025000
X 1915000  Y 2015000
X 1915000  Y 2005000
X 1945000  Y 1995000
X 1945000  Y 2015000
X 1945000  Y 2025000
X 1945000  Y 1985000
X 1945000  Y 2005000
X 1997500  Y 2025000
X 1997500  Y 2015000
X 1997500  Y 2005000
X 1997500  Y 1995000
X 2027500  Y 2005000
X 2027500  Y 2015000
X 2027500  Y 2025000
X 2027500  Y 1995000
X 2090000  Y 1995000
X 2090000  Y 2025000
X 2090000  Y 2015000
X 2090000  Y 2005000
X 2120000  Y 1995000
X 2120000  Y 2005000
X 2120000  Y 2015000
X 2120000  Y 2025000
X 2155000  Y 1992500
X 2155000  Y 2012500
X 2165000  Y 1982500
X 2165000  Y 2022500
X 2187500  Y 1990000
X 2197500  Y 1980000
X 2225000  Y 1990000
X 2270000  Y 1990000
X 2270000  Y 2032500
X 2247500  Y 2047500
X 2225000  Y 2032500
X 2155000  Y 2032500
X 2120000  Y 2035000
X 2100000  Y 2035000
X 2027500  Y 2037500
X 2007500  Y 2037500
X 1870000  Y 2035000

Drill: .037  Tool: 2  Feed: 197  Speed: 550
X 1975000  Y 1897500
X 1975000  Y 1937500
X 1985000  Y 1897500
X 1985000  Y 1937500
X 1995000  Y 1892500
X 1995000  Y 1882500
X 2035000  Y 1892500
X 2035000  Y 1882500
X 2075000  Y 1985000
X 2075000  Y 2025000
X 2065000  Y 1985000
X 2065000  Y 2025000
X 2035000  Y 1980000
X 2035000  Y 1970000
X 1995000  Y 1980000
X 1995000  Y 1970000
X 1985000  Y 1985000
X 1985000  Y 2025000
X 1975000  Y 2025000
X 1975000  Y 1985000

Drill: .052  Tool: 3  Feed: 107  Speed: 550
X 1840000  Y 1940000
X 1840000  Y 1960000
X 1840000  Y 2000000
X 1840000  Y 1980000
X 2307500  Y 1977500
X 2307500  Y 1957500
X 1840000  Y 2020000
X 1840000  Y 2040000

Drill: .11811  Tool: 4  Feed: 69  Speed: 658
X 1805000  Y 1880000
X 1805000  Y 2065000
X 2342500  Y 2065000
X 2342500  Y 1880000

End of Listing
