Drill Listing
=============
Drill: .035  Tool: 1  Feed: 197  Speed: 550
X 1737500  Y 1917500
X 1757500  Y 1917500
X 1985000  Y 1915000
X 1995000  Y 1915000
X 2005000  Y 1915000
X 2015000  Y 1915000
X 2025000  Y 1915000
X 2035000  Y 1915000
X 2045000  Y 1915000
X 2055000  Y 1915000
X 2055000  Y 1945000
X 2055000  Y 1965000
X 2045000  Y 1945000
X 2045000  Y 1965000
X 2035000  Y 1945000
X 2035000  Y 1965000
X 2025000  Y 1945000
X 2025000  Y 1965000
X 2015000  Y 1945000
X 2015000  Y 1965000
X 2005000  Y 1945000
X 2005000  Y 1965000
X 1995000  Y 1945000
X 1995000  Y 1965000
X 1985000  Y 1945000
X 1985000  Y 1965000
X 1972500  Y 1945000
X 1972500  Y 1925000
X 1910000  Y 1932500
X 1910000  Y 1962500
X 1900000  Y 1932500
X 1900000  Y 1962500
X 1890000  Y 1932500
X 1890000  Y 1962500
X 1880000  Y 1932500
X 1880000  Y 1962500
X 1867500  Y 1942500
X 1867500  Y 1962500
X 1815000  Y 1952500
X 1815000  Y 1932500
X 1802500  Y 1932500
X 1802500  Y 1962500
X 1792500  Y 1932500
X 1792500  Y 1920000
X 1792500  Y 1962500
X 1782500  Y 1932500
X 1782500  Y 1962500
X 1772500  Y 1932500
X 1772500  Y 1920000
X 1772500  Y 1962500
X 1760000  Y 1962500
X 1760000  Y 1942500
X 1700000  Y 1930000
X 1700000  Y 1955000
X 1700000  Y 1970000
X 1700000  Y 1995000
X 1700000  Y 2005000
X 1772500  Y 2002500
X 1782500  Y 2002500
X 1792500  Y 2002500
X 1802500  Y 2002500
X 1815000  Y 2002500
X 1865000  Y 2012500
X 1880000  Y 2002500
X 1890000  Y 2002500
X 1900000  Y 2002500
X 1910000  Y 2002500
X 1972500  Y 1975000
X 1972500  Y 1995000
X 1985000  Y 1995000
X 1995000  Y 1995000
X 2005000  Y 1995000
X 2015000  Y 1995000
X 2025000  Y 1995000
X 2035000  Y 1995000
X 2045000  Y 1995000
X 2055000  Y 1995000
X 2055000  Y 2025000
X 2045000  Y 2025000
X 2035000  Y 2025000
X 2025000  Y 2025000
X 2015000  Y 2025000
X 2005000  Y 2025000
X 1995000  Y 2025000
X 1985000  Y 2025000
X 1972500  Y 2035000
X 1910000  Y 2032500
X 1900000  Y 2032500
X 1890000  Y 2032500
X 1880000  Y 2032500
X 1865000  Y 2032500
X 1815000  Y 2022500
X 1802500  Y 2032500
X 1792500  Y 2032500
X 1782500  Y 2032500
X 1772500  Y 2032500
X 1700000  Y 2030000
X 1782500  Y 2047500
X 1802500  Y 2047500
X 1972500  Y 2055000
X 1985000  Y 2055000
X 1995000  Y 2055000
X 2005000  Y 2055000
X 2015000  Y 2055000
X 2025000  Y 2055000
X 2035000  Y 2055000
X 2045000  Y 2055000
X 2055000  Y 2055000

Drill: .037  Tool: 2  Feed: 197  Speed: 550
X 1727500  Y 1900000
X 1737500  Y 1900000
X 1747500  Y 1900000
X 1797500  Y 1907500
X 1830000  Y 1920000
X 1830000  Y 1960000
X 1837500  Y 1907500
X 1937500  Y 2050000
X 1937500  Y 2065000
X 1920000  Y 1992500
X 1920000  Y 2032500
X 1897500  Y 2050000
X 1897500  Y 2065000
X 1887500  Y 2047500
X 1887500  Y 2065000
X 1847500  Y 2047500
X 1847500  Y 2065000
X 1822500  Y 1975000
X 1782500  Y 1975000
X 1772500  Y 2042500
X 1747500  Y 2057500
X 1737500  Y 2057500
X 1732500  Y 2042500
X 1727500  Y 2057500
X 1847500  Y 2077500
X 1887500  Y 2077500
X 1897500  Y 2077500
X 1937500  Y 2077500

Drill: .052  Tool: 3  Feed: 107  Speed: 550
X 1670000  Y 1930000
X 1670000  Y 1950000
X 1937500  Y 1902500
X 1957500  Y 1902500
X 2095000  Y 1955000
X 2095000  Y 1975000
X 2095000  Y 2015000
X 2095000  Y 1995000
X 1670000  Y 1970000
X 1670000  Y 2010000
X 1670000  Y 1990000
X 1670000  Y 2030000

Drill: .11811  Tool: 4  Feed: 69  Speed: 658
X 1637500  Y 1870000
X 1637500  Y 2087500
X 2127500  Y 2085000
X 2127500  Y 1870000

End of Listing
